This is pdfTeXk, Version 3.141592-1.40.3 (Web2C 7.5.6) (format=pdflatex 2009.10.15)  20 APR 2010 12:45
entering extended mode
 %&-line parsing enabled.
**slides02.tex
(./slides02.tex
LaTeX2e <2005/12/01>
Babel <v3.8h> and hyphenation patterns for english, usenglishmax, dumylang, noh
yphenation, croatian, ukrainian, russian, bulgarian, czech, slovak, danish, dut
ch, finnish, basque, french, german, ngerman, ibycus, greek, monogreek, ancient
greek, hungarian, italian, latin, mongolian, norsk, icelandic, interlingua, tur
kish, coptic, romanian, welsh, serbian, slovenian, estonian, esperanto, upperso
rbian, indonesian, polish, portuguese, spanish, catalan, galician, swedish, loa
ded.
(/usr/share/texmf/tex/latex/beamer/base/beamer.cls
(/usr/share/texmf/tex/latex/beamer/base/beamerbasercs.sty
Package: beamerbasercs 2007/01/28 (rcs-revision 1.4)
)
Document Class: beamer 2007/03/11 cvs version 3.07 A class for typesetting pres
entations (rcs-revision 1.70)
(/usr/share/texmf/tex/latex/beamer/base/beamerbasemodes.sty
Package: beamerbasemodes 2007/01/28 (rcs-revision 1.22)
\beamer@tempbox=\box26
\beamer@tempcount=\count79
\c@beamerpauses=\count80

(/usr/share/texmf/tex/latex/beamer/base/beamerbasedecode.sty
Package: beamerbasedecode 2007/01/28 (rcs-revision 1.20)
\beamer@slideinframe=\count81
\beamer@minimum=\count82
)
\beamer@commentbox=\box27
\beamer@modecount=\count83
)
\headheight=\dimen102
\headdp=\dimen103
\footheight=\dimen104
\sidebarheight=\dimen105
\beamer@tempdim=\dimen106
\beamer@finalheight=\dimen107
\beamer@animht=\dimen108
\beamer@animdp=\dimen109
\beamer@animwd=\dimen110
\beamer@leftmargin=\dimen111
\beamer@rightmargin=\dimen112
\beamer@leftsidebar=\dimen113
\beamer@rightsidebar=\dimen114
\beamer@boxsize=\dimen115
\beamer@vboxoffset=\dimen116
\beamer@descdefault=\dimen117
\beamer@descriptionwidth=\dimen118
\beamer@lastskip=\skip41
\beamer@areabox=\box28
\beamer@animcurrent=\box29
\beamer@animshowbox=\box30
\beamer@sectionbox=\box31
\beamer@logobox=\box32
\beamer@linebox=\box33
\beamer@sectioncount=\count84
\beamer@subsubsectionmax=\count85
\beamer@subsectionmax=\count86
\beamer@sectionmax=\count87
\beamer@totalheads=\count88
\beamer@headcounter=\count89
\beamer@partstartpage=\count90
\beamer@sectionstartpage=\count91
\beamer@subsectionstartpage=\count92
\beamer@animationtempa=\count93
\beamer@animationtempb=\count94
\beamer@xpos=\count95
\beamer@ypos=\count96
\beamer@showpartnumber=\count97
\beamer@currentsubsection=\count98
\beamer@coveringdepth=\count99
\beamer@sectionadjust=\count100
\beamer@tocsectionnumber=\count101

(/usr/share/texmf/tex/latex/beamer/base/beamerbaseoptions.sty
Package: beamerbaseoptions 2007/01/28 (rcs-revision 1.8)

(/usr/share/texmf-texlive/tex/latex/graphics/keyval.sty
Package: keyval 1999/03/16 v1.13 key=value parser (DPC)
\KV@toks@=\toks14
))
(/usr/share/texmf/tex/latex/pgf/basiclayer/pgfcore.sty
(/usr/share/texmf-texlive/tex/latex/graphics/graphicx.sty
Package: graphicx 1999/02/16 v1.0f Enhanced LaTeX Graphics (DPC,SPQR)

(/usr/share/texmf-texlive/tex/latex/graphics/graphics.sty
Package: graphics 2006/02/20 v1.0o Standard LaTeX Graphics (DPC,SPQR)

(/usr/share/texmf-texlive/tex/latex/graphics/trig.sty
Package: trig 1999/03/16 v1.09 sin cos tan (DPC)
)
(/etc/texmf/tex/latex/config/graphics.cfg
File: graphics.cfg 2007/01/18 v1.5 graphics configuration of teTeX/TeXLive
)
Package graphics Info: Driver file: pdftex.def on input line 90.

(/usr/share/texmf-texlive/tex/latex/pdftex-def/pdftex.def
File: pdftex.def 2007/01/08 v0.04d Graphics/color for pdfTeX
\Gread@gobject=\count102
))
\Gin@req@height=\dimen119
\Gin@req@width=\dimen120
)
(/usr/share/texmf/tex/latex/pgf/systemlayer/pgfsys.sty
(/usr/share/texmf/tex/latex/pgf/utilities/pgfrcs.sty
(/usr/share/texmf/tex/generic/pgf/utilities/pgfutil-common.tex
\pgfutil@everybye=\toks15
)
(/usr/share/texmf/tex/generic/pgf/utilities/pgfutil-latex.def)
(/usr/share/texmf/tex/generic/pgf/utilities/pgfrcs.code.tex
Package: pgfrcs 2008/02/20 v2.00 (rcs-revision 1.21)
))
(/usr/share/texmf/tex/generic/pgf/systemlayer/pgfsys.code.tex
Package: pgfsys 2008/02/07 v2.00 (rcs-revision 1.31)

(/usr/share/texmf/tex/generic/pgf/utilities/pgfkeys.code.tex
\pgfkeys@pathtoks=\toks16
\pgfkeys@temptoks=\toks17
)
\pgf@x=\dimen121
\pgf@y=\dimen122
\pgf@xa=\dimen123
\pgf@ya=\dimen124
\pgf@xb=\dimen125
\pgf@yb=\dimen126
\pgf@xc=\dimen127
\pgf@yc=\dimen128
\c@pgf@counta=\count103
\c@pgf@countb=\count104
\c@pgf@countc=\count105
\c@pgf@countd=\count106

(/usr/share/texmf/tex/generic/pgf/systemlayer/pgf.cfg
File: pgf.cfg 2008/01/13  (rcs-revision 1.6)
)
Package pgfsys Info: Driver file for pgf: pgfsys-pdftex.def on input line 885.

(/usr/share/texmf/tex/generic/pgf/systemlayer/pgfsys-pdftex.def
File: pgfsys-pdftex.def 2007/12/20  (rcs-revision 1.20)

(/usr/share/texmf/tex/generic/pgf/systemlayer/pgfsys-common-pdf.def
File: pgfsys-common-pdf.def 2007/12/17  (rcs-revision 1.8)
)))
(/usr/share/texmf/tex/generic/pgf/systemlayer/pgfsyssoftpath.code.tex
File: pgfsyssoftpath.code.tex 2008/01/23  (rcs-revision 1.6)
\pgfsyssoftpath@smallbuffer@items=\count107
\pgfsyssoftpath@bigbuffer@items=\count108
)
(/usr/share/texmf/tex/generic/pgf/systemlayer/pgfsysprotocol.code.tex
File: pgfsysprotocol.code.tex 2006/10/16  (rcs-revision 1.4)
))
(/usr/share/texmf/tex/latex/xcolor/xcolor.sty
Package: xcolor 2007/01/21 v2.11 LaTeX color extensions (UK)

(/etc/texmf/tex/latex/config/color.cfg
File: color.cfg 2007/01/18 v1.5 color configuration of teTeX/TeXLive
)
Package xcolor Info: Driver file: pdftex.def on input line 225.
Package xcolor Info: Model `cmy' substituted by `cmy0' on input line 1337.
Package xcolor Info: Model `hsb' substituted by `rgb' on input line 1341.
Package xcolor Info: Model `RGB' extended on input line 1353.
Package xcolor Info: Model `HTML' substituted by `rgb' on input line 1355.
Package xcolor Info: Model `Hsb' substituted by `hsb' on input line 1356.
Package xcolor Info: Model `tHsb' substituted by `hsb' on input line 1357.
Package xcolor Info: Model `HSB' substituted by `hsb' on input line 1358.
Package xcolor Info: Model `Gray' substituted by `gray' on input line 1359.
Package xcolor Info: Model `wave' substituted by `hsb' on input line 1360.
)
(/usr/share/texmf/tex/generic/pgf/basiclayer/pgfcore.code.tex
Package: pgfcore 2008/01/15 v2.00 (rcs-revision 1.6)

(/usr/share/texmf/tex/generic/pgf/math/pgfmath.code.tex
(/usr/share/texmf/tex/generic/pgf/math/pgfmathcalc.code.tex
(/usr/share/texmf/tex/generic/pgf/math/pgfmathutil.code.tex
\pgfmath@box=\box34
)
(/usr/share/texmf/tex/generic/pgf/math/pgfmathparser.code.tex
\pgfmath@stack=\toks18
\c@pgfmath@parsecounta=\count109
\c@pgfmath@parsecountb=\count110
\c@pgfmath@parsecountc=\count111
\pgfmath@parsex=\dimen129
)
(/usr/share/texmf/tex/generic/pgf/math/pgfmathoperations.code.tex
(/usr/share/texmf/tex/generic/pgf/math/pgfmathtrig.code.tex)
(/usr/share/texmf/tex/generic/pgf/math/pgfmathrnd.code.tex))
(/usr/share/texmf/tex/generic/pgf/math/pgfmathbase.code.tex)))
(/usr/share/texmf/tex/generic/pgf/basiclayer/pgfcorepoints.code.tex
File: pgfcorepoints.code.tex 2008/02/03  (rcs-revision 1.13)
\pgf@picminx=\dimen130
\pgf@picmaxx=\dimen131
\pgf@picminy=\dimen132
\pgf@picmaxy=\dimen133
\pgf@pathminx=\dimen134
\pgf@pathmaxx=\dimen135
\pgf@pathminy=\dimen136
\pgf@pathmaxy=\dimen137
\pgf@xx=\dimen138
\pgf@xy=\dimen139
\pgf@yx=\dimen140
\pgf@yy=\dimen141
\pgf@zx=\dimen142
\pgf@zy=\dimen143
)
(/usr/share/texmf/tex/generic/pgf/basiclayer/pgfcorepathconstruct.code.tex
File: pgfcorepathconstruct.code.tex 2008/02/13  (rcs-revision 1.14)
\pgf@path@lastx=\dimen144
\pgf@path@lasty=\dimen145
)
(/usr/share/texmf/tex/generic/pgf/basiclayer/pgfcorepathusage.code.tex
File: pgfcorepathusage.code.tex 2008/01/23  (rcs-revision 1.11)
\pgf@shorten@end@additional=\dimen146
\pgf@shorten@start@additional=\dimen147
)
(/usr/share/texmf/tex/generic/pgf/basiclayer/pgfcorescopes.code.tex
File: pgfcorescopes.code.tex 2008/01/15  (rcs-revision 1.26)
\pgfpic=\box35
\pgf@hbox=\box36
\pgf@layerbox@main=\box37
\pgf@picture@serial@count=\count112
)
(/usr/share/texmf/tex/generic/pgf/basiclayer/pgfcoregraphicstate.code.tex
File: pgfcoregraphicstate.code.tex 2007/12/12  (rcs-revision 1.8)
\pgflinewidth=\dimen148
)
(/usr/share/texmf/tex/generic/pgf/basiclayer/pgfcoretransformations.code.tex
File: pgfcoretransformations.code.tex 2008/02/04  (rcs-revision 1.10)
\pgf@pt@x=\dimen149
\pgf@pt@y=\dimen150
\pgf@pt@temp=\dimen151
)
(/usr/share/texmf/tex/generic/pgf/basiclayer/pgfcorequick.code.tex
File: pgfcorequick.code.tex 2006/10/11  (rcs-revision 1.2)
)
(/usr/share/texmf/tex/generic/pgf/basiclayer/pgfcoreobjects.code.tex
File: pgfcoreobjects.code.tex 2006/10/11  (rcs-revision 1.2)
)
(/usr/share/texmf/tex/generic/pgf/basiclayer/pgfcorepathprocessing.code.tex
File: pgfcorepathprocessing.code.tex 2008/01/23  (rcs-revision 1.7)
)
(/usr/share/texmf/tex/generic/pgf/basiclayer/pgfcorearrows.code.tex
File: pgfcorearrows.code.tex 2007/06/07  (rcs-revision 1.8)
)
(/usr/share/texmf/tex/generic/pgf/basiclayer/pgfcoreshade.code.tex
File: pgfcoreshade.code.tex 2007/12/10  (rcs-revision 1.9)
\pgf@max=\dimen152
\pgf@sys@shading@range@num=\count113
)
(/usr/share/texmf/tex/generic/pgf/basiclayer/pgfcoreimage.code.tex
File: pgfcoreimage.code.tex 2008/01/15  (rcs-revision 1.1)
\pgfexternal@startupbox=\box38
)
(/usr/share/texmf/tex/generic/pgf/basiclayer/pgfcorelayers.code.tex
File: pgfcorelayers.code.tex 2008/01/15  (rcs-revision 1.1)
)
(/usr/share/texmf/tex/generic/pgf/basiclayer/pgfcoretransparency.code.tex
File: pgfcoretransparency.code.tex 2008/01/17  (rcs-revision 1.2)
)
(/usr/share/texmf/tex/generic/pgf/basiclayer/pgfcorepatterns.code.tex
File: pgfcorepatterns.code.tex 2008/01/15  (rcs-revision 1.1)
)))
(/usr/share/texmf/tex/latex/pgf/basiclayer/pgfbaseimage.sty

Package pgf Warning: This package is obsolete and no longer needed on input lin
e 13.

) (/usr/share/texmf/tex/latex/pgf/utilities/xxcolor.sty
Package: xxcolor 2003/10/24 ver 0.1
\XC@nummixins=\count114
\XC@countmixins=\count115
)
(/usr/share/texmf-texlive/tex/latex/amsfonts/amssymb.sty
Package: amssymb 2002/01/22 v2.2d

(/usr/share/texmf-texlive/tex/latex/amsfonts/amsfonts.sty
Package: amsfonts 2001/10/25 v2.2f
\@emptytoks=\toks19
\symAMSa=\mathgroup4
\symAMSb=\mathgroup5
LaTeX Font Info:    Overwriting math alphabet `\mathfrak' in version `bold'
(Font)                  U/euf/m/n --> U/euf/b/n on input line 132.
))
(/usr/share/texmf-texlive/tex/latex/geometry/geometry.sty
Package: geometry 2002/07/08 v3.2 Page Geometry
\Gm@cnth=\count116
\Gm@cntv=\count117
\c@Gm@tempcnt=\count118
\Gm@bindingoffset=\dimen153
\Gm@wd@mp=\dimen154
\Gm@odd@mp=\dimen155
\Gm@even@mp=\dimen156
\Gm@dimlist=\toks20

(/usr/share/texmf-texlive/tex/xelatex/xetexconfig/geometry.cfg))
(/usr/share/texmf-texlive/tex/latex/hyperref/hyperref.sty
Package: hyperref 2007/02/07 v6.75r Hypertext links for LaTeX
\@linkdim=\dimen157
\Hy@linkcounter=\count119
\Hy@pagecounter=\count120

(/usr/share/texmf-texlive/tex/latex/hyperref/pd1enc.def
File: pd1enc.def 2007/02/07 v6.75r Hyperref: PDFDocEncoding definition (HO)
)
(/etc/texmf/tex/latex/config/hyperref.cfg
File: hyperref.cfg 2002/06/06 v1.2 hyperref configuration of TeXLive
)
(/usr/share/texmf-texlive/tex/latex/oberdiek/kvoptions.sty
Package: kvoptions 2006/08/22 v2.4 Connects package keyval with LaTeX options (
HO)
)
Package hyperref Info: Option `bookmarks' set `true' on input line 2238.
Package hyperref Info: Option `bookmarksopen' set `true' on input line 2238.
Package hyperref Info: Option `implicit' set `false' on input line 2238.
Package hyperref Info: Hyper figures OFF on input line 2288.
Package hyperref Info: Link nesting OFF on input line 2293.
Package hyperref Info: Hyper index ON on input line 2296.
Package hyperref Info: Plain pages OFF on input line 2303.
Package hyperref Info: Backreferencing OFF on input line 2308.

Implicit mode OFF; no redefinition of LaTeX internals
Package hyperref Info: Bookmarks ON on input line 2444.
(/usr/share/texmf-texlive/tex/latex/ltxmisc/url.sty
\Urlmuskip=\muskip10
Package: url 2005/06/27  ver 3.2  Verb mode for urls, etc.
)
LaTeX Info: Redefining \url on input line 2599.
\Fld@menulength=\count121
\Field@Width=\dimen158
\Fld@charsize=\dimen159
\Choice@toks=\toks21
\Field@toks=\toks22
Package hyperref Info: Hyper figures OFF on input line 3102.
Package hyperref Info: Link nesting OFF on input line 3107.
Package hyperref Info: Hyper index ON on input line 3110.
Package hyperref Info: backreferencing OFF on input line 3117.
Package hyperref Info: Link coloring OFF on input line 3122.


Package hyperref Warning: Option `pdfpagelabels' is turned off
(hyperref)                because \thepage is undefined.

Hyperref stopped early
)
*hyperref using default driver hpdftex*
(/usr/share/texmf-texlive/tex/latex/hyperref/hpdftex.def
File: hpdftex.def 2007/02/07 v6.75r Hyperref driver for pdfTeX
\Fld@listcount=\count122
)
(/usr/share/texmf-texlive/tex/latex/base/size11.clo
File: size11.clo 2005/09/16 v1.4f Standard LaTeX file (size option)
)
(/usr/share/texmf/tex/latex/beamer/base/beamerbasecompatibility.sty
Package: beamerbasecompatibility 2007/01/28  (rcs-revision 1.63)
)
(/usr/share/texmf/tex/latex/beamer/base/beamerbasefont.sty
Package: beamerbasefont 2007/01/28  (rcs-revision 1.16)
)
(/usr/share/texmf/tex/latex/beamer/base/beamerbasemisc.sty
Package: beamerbasemisc 2007/01/28  (rcs-revision 1.24)
)
(/usr/share/texmf/tex/latex/beamer/base/beamerbasetwoscreens.sty
Package: beamerbasetwoscreens 2007/01/28  (rcs-revision 1.7)
)
(/usr/share/texmf/tex/latex/beamer/base/beamerbaseoverlay.sty
Package: beamerbaseoverlay 2007/01/28  (rcs-revision 1.50)
\beamer@argscount=\count123
\beamer@lastskipcover=\skip42
\beamer@trivlistdepth=\count124
)
(/usr/share/texmf/tex/latex/beamer/base/beamerbasetitle.sty
Package: beamerbasetitle 2007/01/28  (rcs-revision 1.25)
)
(/usr/share/texmf/tex/latex/beamer/base/beamerbasesection.sty
Package: beamerbasesection 2007/01/28  (rcs-revision 1.21)
\c@lecture=\count125
\c@part=\count126
\c@section=\count127
\c@subsection=\count128
\c@subsubsection=\count129
)
(/usr/share/texmf/tex/latex/beamer/base/beamerbaseframe.sty
Package: beamerbaseframe 2007/01/28  (rcs-revision 1.60)
\beamer@framebox=\box39
\beamer@frametitlebox=\box40
\beamer@zoombox=\box41
\beamer@zoomcount=\count130
\beamer@zoomframecount=\count131
\beamer@frametextheight=\dimen160
\c@subsectionslide=\count132
\beamer@frametopskip=\skip43
\beamer@framebottomskip=\skip44
\beamer@frametopskipautobreak=\skip45
\beamer@framebottomskipautobreak=\skip46
\beamer@envbody=\toks23
\c@framenumber=\count133
)
(/usr/share/texmf/tex/latex/beamer/base/beamerbaseverbatim.sty
Package: beamerbaseverbatim 2007/01/28  (rcs-revision 1.8)
\beamer@verbatimfileout=\write3
)
(/usr/share/texmf/tex/latex/beamer/base/beamerbaseframesize.sty
Package: beamerbaseframesize 2007/01/28  (rcs-revision 1.18)
\beamer@splitbox=\box42
\beamer@autobreakcount=\count134
\beamer@autobreaklastheight=\dimen161
\beamer@frametitletoks=\toks24
\beamer@framesubtitletoks=\toks25
)
(/usr/share/texmf/tex/latex/beamer/base/beamerbaseframecomponents.sty
Package: beamerbaseframecomponents 2007/01/28  (rcs-revision 1.41)
\beamer@footins=\box43
)
(/usr/share/texmf/tex/latex/beamer/base/beamerbasecolor.sty
Package: beamerbasecolor 2007/01/28  (rcs-revision 1.42)
)
(/usr/share/texmf/tex/latex/beamer/base/beamerbasenotes.sty
Package: beamerbasenotes 2007/01/28  (rcs-revision 1.23)
\beamer@frameboxcopy=\box44
)
(/usr/share/texmf/tex/latex/beamer/base/beamerbasetoc.sty
Package: beamerbasetoc 2007/01/28  (rcs-revision 1.21)
)
(/usr/share/texmf/tex/latex/beamer/base/beamerbasetemplates.sty
Package: beamerbasetemplates 2007/01/28  (rcs-revision 1.51)
\beamer@sbttoks=\toks26

(/usr/share/texmf/tex/latex/beamer/base/beamerbaseauxtemplates.sty
Package: beamerbaseauxtemplates 2007/01/28  (rcs-revision 1.28)

(/usr/share/texmf/tex/latex/beamer/base/beamerbaseboxes.sty
Package: beamerbaseboxes 2007/03/11  (rcs-revision 1.32)
\bmb@box=\box45
\bmb@colorbox=\box46
\bmb@boxshadow=\box47
\bmb@boxshadowball=\box48
\bmb@boxshadowballlarge=\box49
\bmb@temp=\dimen162
\bmb@dima=\dimen163
\bmb@dimb=\dimen164
\bmb@prevheight=\dimen165
)
\beamer@blockheadheight=\dimen166
))
(/usr/share/texmf/tex/latex/beamer/base/beamerbaselocalstructure.sty
Package: beamerbaselocalstructure 2007/01/28  (rcs-revision 1.53)

(/usr/share/texmf-texlive/tex/latex/tools/enumerate.sty
Package: enumerate 1999/03/05 v3.00 enumerate extensions (DPC)
\@enLab=\toks27
)
\c@figure=\count135
\c@table=\count136
\abovecaptionskip=\skip47
\belowcaptionskip=\skip48
)
(/usr/share/texmf/tex/latex/beamer/base/beamerbasenavigation.sty
Package: beamerbasenavigation 2007/01/28  (rcs-revision 1.36)
)
(/usr/share/texmf/tex/latex/beamer/base/beamerbasetheorems.sty
Package: beamerbasetheorems 2007/01/28  (rcs-revision 1.10)

(/usr/share/texmf-texlive/tex/latex/amsmath/amsmath.sty
Package: amsmath 2000/07/18 v2.13 AMS math features
\@mathmargin=\skip49

For additional information on amsmath, use the `?' option.
(/usr/share/texmf-texlive/tex/latex/amsmath/amstext.sty
Package: amstext 2000/06/29 v2.01

(/usr/share/texmf-texlive/tex/latex/amsmath/amsgen.sty
File: amsgen.sty 1999/11/30 v2.0
\@emptytoks=\toks28
\ex@=\dimen167
))
(/usr/share/texmf-texlive/tex/latex/amsmath/amsbsy.sty
Package: amsbsy 1999/11/29 v1.2d
\pmbraise@=\dimen168
)
(/usr/share/texmf-texlive/tex/latex/amsmath/amsopn.sty
Package: amsopn 1999/12/14 v2.01 operator names
)
\inf@bad=\count137
LaTeX Info: Redefining \frac on input line 211.
\uproot@=\count138
\leftroot@=\count139
LaTeX Info: Redefining \overline on input line 307.
\classnum@=\count140
\DOTSCASE@=\count141
LaTeX Info: Redefining \ldots on input line 379.
LaTeX Info: Redefining \dots on input line 382.
LaTeX Info: Redefining \cdots on input line 467.
\Mathstrutbox@=\box50
\strutbox@=\box51
\big@size=\dimen169
LaTeX Font Info:    Redeclaring font encoding OML on input line 567.
LaTeX Font Info:    Redeclaring font encoding OMS on input line 568.
\macc@depth=\count142
\c@MaxMatrixCols=\count143
\dotsspace@=\muskip11
\c@parentequation=\count144
\dspbrk@lvl=\count145
\tag@help=\toks29
\row@=\count146
\column@=\count147
\maxfields@=\count148
\andhelp@=\toks30
\eqnshift@=\dimen170
\alignsep@=\dimen171
\tagshift@=\dimen172
\tagwidth@=\dimen173
\totwidth@=\dimen174
\lineht@=\dimen175
\@envbody=\toks31
\multlinegap=\skip50
\multlinetaggap=\skip51
\mathdisplay@stack=\toks32
LaTeX Info: Redefining \[ on input line 2666.
LaTeX Info: Redefining \] on input line 2667.
)
(/usr/share/texmf-texlive/tex/latex/amscls/amsthm.sty
Package: amsthm 2004/08/06 v2.20
\thm@style=\toks33
\thm@bodyfont=\toks34
\thm@headfont=\toks35
\thm@notefont=\toks36
\thm@headpunct=\toks37
\thm@preskip=\skip52
\thm@postskip=\skip53
\thm@headsep=\skip54
\dth@everypar=\toks38
)
\c@theorem=\count149
)
(/usr/share/texmf/tex/latex/beamer/base/beamerbasethemes.sty
Package: beamerbasethemes 2007/01/28  (rcs-revision 1.10)
)
(/usr/share/texmf/tex/latex/beamer/themes/theme/beamerthemedefault.sty
Package: beamerthemedefault 2007/01/28  (rcs-revision 1.7)

(/usr/share/texmf/tex/latex/beamer/themes/font/beamerfontthemedefault.sty
Package: beamerfontthemedefault 2007/01/28  (rcs-revision 1.13)
)
(/usr/share/texmf/tex/latex/beamer/themes/color/beamercolorthemedefault.sty
Package: beamercolorthemedefault 2007/01/28  (rcs-revision 1.28)
)
(/usr/share/texmf/tex/latex/beamer/themes/inner/beamerinnerthemedefault.sty
Package: beamerinnerthemedefault 2007/01/28  (rcs-revision 1.20)
\beamer@dima=\dimen176
\beamer@dimb=\dimen177
)
(/usr/share/texmf/tex/latex/beamer/themes/outer/beamerouterthemedefault.sty
Package: beamerouterthemedefault 2007/01/28  (rcs-revision 1.14)
)))
(./beamerthemeIUPR.sty) (/usr/share/texmf-texlive/tex/generic/babel/babel.sty
Package: babel 2005/11/23 v3.8h The Babel package

(/usr/share/texmf-texlive/tex/generic/babel/english.ldf
Language: english 2005/03/30 v3.3o English support from the babel system

(/usr/share/texmf-texlive/tex/generic/babel/babel.def
File: babel.def 2005/11/23 v3.8h Babel common definitions
LaTeX Info: Redefining \textlatin on input line 82.
\babel@savecnt=\count150
\U@D=\dimen178
)
\l@british = a dialect from \language\l@english 
\l@UKenglish = a dialect from \language\l@english 
\l@canadian = a dialect from \language\l@american 
\l@australian = a dialect from \language\l@british 
\l@newzealand = a dialect from \language\l@british 
))
(/usr/share/texmf-texlive/tex/latex/base/inputenc.sty
Package: inputenc 2006/05/05 v1.1b Input encoding file
\inpenc@prehook=\toks39
\inpenc@posthook=\toks40

(/usr/share/texmf-texlive/tex/latex/base/latin1.def
File: latin1.def 2006/05/05 v1.1b Input encoding file
))
(/usr/share/texmf-texlive/tex/latex/rotating/rotating.sty
Package: rotating 1997/09/26, v2.13 Rotation package

(/usr/share/texmf-texlive/tex/latex/base/ifthen.sty
Package: ifthen 2001/05/26 v1.1c Standard LaTeX ifthen package (DPC)
)
\c@r@tfl@t=\count151
\rot@float@box=\box52
) (./slides02.aux)
\openout1 = `slides02.aux'.

LaTeX Font Info:    Checking defaults for OML/cmm/m/it on input line 44.
LaTeX Font Info:    ... okay on input line 44.
LaTeX Font Info:    Checking defaults for T1/cmr/m/n on input line 44.
LaTeX Font Info:    ... okay on input line 44.
LaTeX Font Info:    Checking defaults for OT1/cmr/m/n on input line 44.
LaTeX Font Info:    ... okay on input line 44.
LaTeX Font Info:    Checking defaults for OMS/cmsy/m/n on input line 44.
LaTeX Font Info:    ... okay on input line 44.
LaTeX Font Info:    Checking defaults for OMX/cmex/m/n on input line 44.
LaTeX Font Info:    ... okay on input line 44.
LaTeX Font Info:    Checking defaults for U/cmr/m/n on input line 44.
LaTeX Font Info:    ... okay on input line 44.
LaTeX Font Info:    Checking defaults for PD1/pdf/m/n on input line 44.
LaTeX Font Info:    ... okay on input line 44.

(/usr/share/texmf/tex/context/base/supp-pdf.tex
[Loading MPS to PDF converter (version 2006.09.02).]
\scratchcounter=\count152
\scratchdimen=\dimen179
\scratchbox=\box53
\nofMPsegments=\count153
\nofMParguments=\count154
\everyMPshowfont=\toks41
\MPscratchCnt=\count155
\MPscratchDim=\dimen180
\MPnumerator=\count156
\everyMPtoPDFconversion=\toks42
)
-------------------- Geometry parameters
paper: user defined
landscape: --
twocolumn: --
twoside: --
asymmetric: --
h-parts: 28.45274pt, 307.28987pt, 28.45274pt
v-parts: 0.0pt, 273.14662pt, 0.0pt
hmarginratio: --
vmarginratio: --
lines: --
heightrounded: --
bindingoffset: 0.0pt
truedimen: --
includehead: true
includefoot: true
includemp: --
driver: pdftex
-------------------- Page layout dimensions and switches
\paperwidth  364.19536pt
\paperheight 273.14662pt
\textwidth  307.28987pt
\textheight 244.6939pt
\oddsidemargin  -43.81725pt
\evensidemargin -43.81725pt
\topmargin  -72.26999pt
\headheight 14.22636pt
\headsep    0.0pt
\footskip   14.22636pt
\marginparwidth 4.0pt
\marginparsep   10.0pt
\columnsep  10.0pt
\skip\footins  10.0pt plus 4.0pt minus 2.0pt
\hoffset 0.0pt
\voffset 0.0pt
\mag 1000

(1in=72.27pt, 1cm=28.45pt)
-----------------------
Package hyperref Info: Link coloring OFF on input line 44.
 (/usr/share/texmf-texlive/tex/latex/hyperref/nameref.sty
Package: nameref 2006/12/27 v2.28 Cross-referencing by name of section

(/usr/share/texmf-texlive/tex/latex/oberdiek/refcount.sty
Package: refcount 2006/02/20 v3.0 Data extraction from references (HO)
)
\c@section@level=\count157
)
LaTeX Info: Redefining \ref on input line 44.
LaTeX Info: Redefining \pageref on input line 44.
 (./slides02.out)
(./slides02.out)
\@outlinefile=\write4
\openout4 = `slides02.out'.

LaTeX Font Info:    Overwriting symbol font `operators' in version `normal'
(Font)                  OT1/cmr/m/n --> OT1/cmss/m/n on input line 44.
LaTeX Font Info:    Overwriting symbol font `operators' in version `bold'
(Font)                  OT1/cmr/bx/n --> OT1/cmss/bx/n on input line 44.
\symnumbers=\mathgroup6
\sympureletters=\mathgroup7
LaTeX Font Info:    Overwriting math alphabet `\mathrm' in version `normal'
(Font)                  OT1/cmss/m/n --> OT1/cmr/m/n on input line 44.
LaTeX Font Info:    Redeclaring math alphabet \mathbf on input line 44.
LaTeX Font Info:    Overwriting math alphabet `\mathbf' in version `normal'
(Font)                  OT1/cmr/bx/n --> OT1/cmss/bx/n on input line 44.
LaTeX Font Info:    Overwriting math alphabet `\mathbf' in version `bold'
(Font)                  OT1/cmr/bx/n --> OT1/cmss/bx/n on input line 44.
LaTeX Font Info:    Redeclaring math alphabet \mathsf on input line 44.
LaTeX Font Info:    Overwriting math alphabet `\mathsf' in version `normal'
(Font)                  OT1/cmss/m/n --> OT1/cmss/m/n on input line 44.
LaTeX Font Info:    Overwriting math alphabet `\mathsf' in version `bold'
(Font)                  OT1/cmss/bx/n --> OT1/cmss/m/n on input line 44.
LaTeX Font Info:    Redeclaring math alphabet \mathit on input line 44.
LaTeX Font Info:    Overwriting math alphabet `\mathit' in version `normal'
(Font)                  OT1/cmr/m/it --> OT1/cmss/m/it on input line 44.
LaTeX Font Info:    Overwriting math alphabet `\mathit' in version `bold'
(Font)                  OT1/cmr/bx/it --> OT1/cmss/m/it on input line 44.
LaTeX Font Info:    Redeclaring math alphabet \mathtt on input line 44.
LaTeX Font Info:    Overwriting math alphabet `\mathtt' in version `normal'
(Font)                  OT1/cmtt/m/n --> OT1/cmtt/m/n on input line 44.
LaTeX Font Info:    Overwriting math alphabet `\mathtt' in version `bold'
(Font)                  OT1/cmtt/m/n --> OT1/cmtt/m/n on input line 44.
LaTeX Font Info:    Overwriting symbol font `numbers' in version `bold'
(Font)                  OT1/cmss/m/n --> OT1/cmss/bx/n on input line 44.
LaTeX Font Info:    Overwriting symbol font `pureletters' in version `bold'
(Font)                  OT1/cmss/m/it --> OT1/cmss/bx/it on input line 44.
LaTeX Font Info:    Overwriting math alphabet `\mathrm' in version `bold'
(Font)                  OT1/cmss/bx/n --> OT1/cmr/bx/n on input line 44.
LaTeX Font Info:    Overwriting math alphabet `\mathbf' in version `bold'
(Font)                  OT1/cmss/bx/n --> OT1/cmss/bx/n on input line 44.
LaTeX Font Info:    Overwriting math alphabet `\mathsf' in version `bold'
(Font)                  OT1/cmss/m/n --> OT1/cmss/bx/n on input line 44.
LaTeX Font Info:    Overwriting math alphabet `\mathit' in version `bold'
(Font)                  OT1/cmss/m/it --> OT1/cmss/bx/it on input line 44.
LaTeX Font Info:    Overwriting math alphabet `\mathtt' in version `bold'
(Font)                  OT1/cmtt/m/n --> OT1/cmtt/bx/n on input line 44.
 (./slides02.nav)
Underfull \hbox (badness 10000) in paragraph at lines 44--44

 []

LaTeX Font Info:    Try loading font information for U+msa on input line 44.
(/usr/share/texmf-texlive/tex/latex/amsfonts/umsa.fd
File: umsa.fd 2002/01/19 v2.2g AMS font definitions
)
LaTeX Font Info:    Try loading font information for U+msb on input line 44.

(/usr/share/texmf-texlive/tex/latex/amsfonts/umsb.fd
File: umsb.fd 2002/01/19 v2.2g AMS font definitions
)
<images/iuprlogo.pdf, id=31, 349.305pt x 140.525pt>
File: images/iuprlogo.pdf Graphic file (type pdf)
 <use images/iuprlogo.pdf>
Underfull \hbox (badness 10000) in paragraph at lines 44--44

 []


Overfull \hbox (21.29773pt too wide) in paragraph at lines 44--44
[]$       $[]$[][]  
 []

<images/dfki.pdf, id=32, 429.605pt x 160.6pt>
File: images/dfki.pdf Graphic file (type pdf)
 <use images/dfki.pdf>

LaTeX Font Warning: Font shape `OT1/cmss/m/n' in size <4> not available
(Font)              size <5> substituted on input line 48.

File: images/dfki.pdf Graphic file (type pdf)
<use images/dfki.pdf>
Underfull \hbox (badness 10000) has occurred while \output is active

 []

File: images/iuprlogo.pdf Graphic file (type pdf)
<use images/iuprlogo.pdf>
Underfull \hbox (badness 10000) has occurred while \output is active

 []


Overfull \hbox (35.5241pt too wide) has occurred while \output is active
[] $[]$       $[]$[][] 
 []

[1

{/var/lib/texmf/fonts/map/pdftex/updmap/pdftex.map} <./images/dfki.pdf> <./imag
es/iuprlogo.pdf>]
File: images/dfki.pdf Graphic file (type pdf)
 <use images/dfki.pdf>
Underfull \hbox (badness 10000) has occurred while \output is active

 []

File: images/iuprlogo.pdf Graphic file (type pdf)
<use images/iuprlogo.pdf>
Underfull \hbox (badness 10000) has occurred while \output is active

 []


Overfull \hbox (35.5241pt too wide) has occurred while \output is active
[] $[]$       $[]$[][] 
 []

[2

]
File: images/dfki.pdf Graphic file (type pdf)
 <use images/dfki.pdf>
Underfull \hbox (badness 10000) has occurred while \output is active

 []

File: images/iuprlogo.pdf Graphic file (type pdf)
<use images/iuprlogo.pdf>
Underfull \hbox (badness 10000) has occurred while \output is active

 []


Overfull \hbox (35.5241pt too wide) has occurred while \output is active
[] $[]$       $[]$[][] 
 []

[3

]
File: images/dfki.pdf Graphic file (type pdf)
 <use images/dfki.pdf>
Underfull \hbox (badness 10000) has occurred while \output is active

 []

File: images/iuprlogo.pdf Graphic file (type pdf)
<use images/iuprlogo.pdf>
Underfull \hbox (badness 10000) has occurred while \output is active

 []


Overfull \hbox (35.5241pt too wide) has occurred while \output is active
[] $[]$       $[]$[][] 
 []

[4

]
File: images/dfki.pdf Graphic file (type pdf)
 <use images/dfki.pdf>
Underfull \hbox (badness 10000) has occurred while \output is active

 []

File: images/iuprlogo.pdf Graphic file (type pdf)
<use images/iuprlogo.pdf>
Underfull \hbox (badness 10000) has occurred while \output is active

 []


Overfull \hbox (35.5241pt too wide) has occurred while \output is active
[] $[]$       $[]$[][] 
 []

[5

] (./slides02.toc)
File: images/dfki.pdf Graphic file (type pdf)
 <use images/dfki.pdf>
Underfull \hbox (badness 10000) has occurred while \output is active

 []

File: images/iuprlogo.pdf Graphic file (type pdf)
<use images/iuprlogo.pdf>
Underfull \hbox (badness 10000) has occurred while \output is active

 []


Overfull \hbox (35.5241pt too wide) has occurred while \output is active
[] $[]$       $[]$[][] 
 []

[6

]
File: images/dfki.pdf Graphic file (type pdf)
 <use images/dfki.pdf>
Underfull \hbox (badness 10000) has occurred while \output is active

 []

File: images/iuprlogo.pdf Graphic file (type pdf)
<use images/iuprlogo.pdf>
Underfull \hbox (badness 10000) has occurred while \output is active

 []


Overfull \hbox (35.5241pt too wide) has occurred while \output is active
[] $[]$       $[]$[][] 
 []

[7

] <images/communicationsystem.png, id=103, 271.0125pt x 54.2025pt>
File: images/communicationsystem.png Graphic file (type png)

<use images/communicationsystem.png>
File: images/dfki.pdf Graphic file (type pdf)
 <use images/dfki.pdf>
Underfull \hbox (badness 10000) has occurred while \output is active

 []

File: images/iuprlogo.pdf Graphic file (type pdf)
<use images/iuprlogo.pdf>
Underfull \hbox (badness 10000) has occurred while \output is active

 []


Overfull \hbox (35.5241pt too wide) has occurred while \output is active
[] $[]$       $[]$[][] 
 []

[8

 <./images/communicationsystem.png (PNG copy)>]
File: images/dfki.pdf Graphic file (type pdf)
 <use images/dfki.pdf>
Underfull \hbox (badness 10000) has occurred while \output is active

 []

File: images/iuprlogo.pdf Graphic file (type pdf)
<use images/iuprlogo.pdf>
Underfull \hbox (badness 10000) has occurred while \output is active

 []


Overfull \hbox (35.5241pt too wide) has occurred while \output is active
[] $[]$       $[]$[][] 
 []

[9

]
File: images/dfki.pdf Graphic file (type pdf)
 <use images/dfki.pdf>
Underfull \hbox (badness 10000) has occurred while \output is active

 []

File: images/iuprlogo.pdf Graphic file (type pdf)
<use images/iuprlogo.pdf>
Underfull \hbox (badness 10000) has occurred while \output is active

 []


Overfull \hbox (35.5241pt too wide) has occurred while \output is active
[] $[]$       $[]$[][] 
 []

[10

]
File: images/dfki.pdf Graphic file (type pdf)
 <use images/dfki.pdf>
Underfull \hbox (badness 10000) has occurred while \output is active

 []

File: images/iuprlogo.pdf Graphic file (type pdf)
<use images/iuprlogo.pdf>
Underfull \hbox (badness 10000) has occurred while \output is active

 []


Overfull \hbox (35.5241pt too wide) has occurred while \output is active
[] $[]$       $[]$[][] 
 []

[11

]
File: images/dfki.pdf Graphic file (type pdf)
 <use images/dfki.pdf>
Underfull \hbox (badness 10000) has occurred while \output is active

 []

File: images/iuprlogo.pdf Graphic file (type pdf)
<use images/iuprlogo.pdf>
Underfull \hbox (badness 10000) has occurred while \output is active

 []


Overfull \hbox (35.5241pt too wide) has occurred while \output is active
[] $[]$       $[]$[][] 
 []

[12

]
File: images/dfki.pdf Graphic file (type pdf)
 <use images/dfki.pdf>
Underfull \hbox (badness 10000) has occurred while \output is active

 []

File: images/iuprlogo.pdf Graphic file (type pdf)
<use images/iuprlogo.pdf>
Underfull \hbox (badness 10000) has occurred while \output is active

 []


Overfull \hbox (35.5241pt too wide) has occurred while \output is active
[] $[]$       $[]$[][] 
 []

[13

]
File: images/dfki.pdf Graphic file (type pdf)
 <use images/dfki.pdf>
Underfull \hbox (badness 10000) has occurred while \output is active

 []

File: images/iuprlogo.pdf Graphic file (type pdf)
<use images/iuprlogo.pdf>
Underfull \hbox (badness 10000) has occurred while \output is active

 []


Overfull \hbox (35.5241pt too wide) has occurred while \output is active
[] $[]$       $[]$[][] 
 []

[14

]
File: images/dfki.pdf Graphic file (type pdf)
 <use images/dfki.pdf>
Underfull \hbox (badness 10000) has occurred while \output is active

 []

File: images/iuprlogo.pdf Graphic file (type pdf)
<use images/iuprlogo.pdf>
Underfull \hbox (badness 10000) has occurred while \output is active

 []


Overfull \hbox (35.5241pt too wide) has occurred while \output is active
[] $[]$       $[]$[][] 
 []

[15

]
File: images/dfki.pdf Graphic file (type pdf)
 <use images/dfki.pdf>
Underfull \hbox (badness 10000) has occurred while \output is active

 []

File: images/iuprlogo.pdf Graphic file (type pdf)
<use images/iuprlogo.pdf>
Underfull \hbox (badness 10000) has occurred while \output is active

 []


Overfull \hbox (35.5241pt too wide) has occurred while \output is active
[] $[]$       $[]$[][] 
 []

[16

]
File: images/dfki.pdf Graphic file (type pdf)
 <use images/dfki.pdf>
Underfull \hbox (badness 10000) has occurred while \output is active

 []

File: images/iuprlogo.pdf Graphic file (type pdf)
<use images/iuprlogo.pdf>
Underfull \hbox (badness 10000) has occurred while \output is active

 []


Overfull \hbox (35.5241pt too wide) has occurred while \output is active
[] $[]$       $[]$[][] 
 []

[17

]
File: images/dfki.pdf Graphic file (type pdf)
 <use images/dfki.pdf>
Underfull \hbox (badness 10000) has occurred while \output is active

 []

File: images/iuprlogo.pdf Graphic file (type pdf)
<use images/iuprlogo.pdf>
Underfull \hbox (badness 10000) has occurred while \output is active

 []


Overfull \hbox (35.5241pt too wide) has occurred while \output is active
[] $[]$       $[]$[][] 
 []

[18

]
File: images/dfki.pdf Graphic file (type pdf)
 <use images/dfki.pdf>
Underfull \hbox (badness 10000) has occurred while \output is active

 []

File: images/iuprlogo.pdf Graphic file (type pdf)
<use images/iuprlogo.pdf>
Underfull \hbox (badness 10000) has occurred while \output is active

 []


Overfull \hbox (35.5241pt too wide) has occurred while \output is active
[] $[]$       $[]$[][] 
 []

[19

]
File: images/dfki.pdf Graphic file (type pdf)
 <use images/dfki.pdf>
Underfull \hbox (badness 10000) has occurred while \output is active

 []

File: images/iuprlogo.pdf Graphic file (type pdf)
<use images/iuprlogo.pdf>
Underfull \hbox (badness 10000) has occurred while \output is active

 []


Overfull \hbox (35.5241pt too wide) has occurred while \output is active
[] $[]$       $[]$[][] 
 []

[20

]
File: images/dfki.pdf Graphic file (type pdf)
 <use images/dfki.pdf>
Underfull \hbox (badness 10000) has occurred while \output is active

 []

File: images/iuprlogo.pdf Graphic file (type pdf)
<use images/iuprlogo.pdf>
Underfull \hbox (badness 10000) has occurred while \output is active

 []


Overfull \hbox (35.5241pt too wide) has occurred while \output is active
[] $[]$       $[]$[][] 
 []

[21

]
File: images/dfki.pdf Graphic file (type pdf)
 <use images/dfki.pdf>
Underfull \hbox (badness 10000) has occurred while \output is active

 []

File: images/iuprlogo.pdf Graphic file (type pdf)
<use images/iuprlogo.pdf>
Underfull \hbox (badness 10000) has occurred while \output is active

 []


Overfull \hbox (35.5241pt too wide) has occurred while \output is active
[] $[]$       $[]$[][] 
 []

[22

]
File: images/dfki.pdf Graphic file (type pdf)
 <use images/dfki.pdf>
Underfull \hbox (badness 10000) has occurred while \output is active

 []

File: images/iuprlogo.pdf Graphic file (type pdf)
<use images/iuprlogo.pdf>
Underfull \hbox (badness 10000) has occurred while \output is active

 []


Overfull \hbox (35.5241pt too wide) has occurred while \output is active
[] $[]$       $[]$[][] 
 []

[23

] (./slides02.toc)
File: images/dfki.pdf Graphic file (type pdf)
 <use images/dfki.pdf>
Underfull \hbox (badness 10000) has occurred while \output is active

 []

File: images/iuprlogo.pdf Graphic file (type pdf)
<use images/iuprlogo.pdf>
Underfull \hbox (badness 10000) has occurred while \output is active

 []


Overfull \hbox (35.5241pt too wide) has occurred while \output is active
[] $[]$       $[]$[][] 
 []

[24

]
File: images/dfki.pdf Graphic file (type pdf)
 <use images/dfki.pdf>
Underfull \hbox (badness 10000) has occurred while \output is active

 []

File: images/iuprlogo.pdf Graphic file (type pdf)
<use images/iuprlogo.pdf>
Underfull \hbox (badness 10000) has occurred while \output is active

 []


Overfull \hbox (35.5241pt too wide) has occurred while \output is active
[] $[]$       $[]$[][] 
 []

[25

]
File: images/dfki.pdf Graphic file (type pdf)
 <use images/dfki.pdf>
Underfull \hbox (badness 10000) has occurred while \output is active

 []

File: images/iuprlogo.pdf Graphic file (type pdf)
<use images/iuprlogo.pdf>
Underfull \hbox (badness 10000) has occurred while \output is active

 []


Overfull \hbox (35.5241pt too wide) has occurred while \output is active
[] $[]$       $[]$[][] 
 []

[26

]
File: images/dfki.pdf Graphic file (type pdf)
 <use images/dfki.pdf>
Underfull \hbox (badness 10000) has occurred while \output is active

 []

File: images/iuprlogo.pdf Graphic file (type pdf)
<use images/iuprlogo.pdf>
Underfull \hbox (badness 10000) has occurred while \output is active

 []


Overfull \hbox (35.5241pt too wide) has occurred while \output is active
[] $[]$       $[]$[][] 
 []

[27

]
File: images/dfki.pdf Graphic file (type pdf)
 <use images/dfki.pdf>
Underfull \hbox (badness 10000) has occurred while \output is active

 []

File: images/iuprlogo.pdf Graphic file (type pdf)
<use images/iuprlogo.pdf>
Underfull \hbox (badness 10000) has occurred while \output is active

 []


Overfull \hbox (35.5241pt too wide) has occurred while \output is active
[] $[]$       $[]$[][] 
 []

[28

]
File: images/dfki.pdf Graphic file (type pdf)
 <use images/dfki.pdf>
Underfull \hbox (badness 10000) has occurred while \output is active

 []

File: images/iuprlogo.pdf Graphic file (type pdf)
<use images/iuprlogo.pdf>
Underfull \hbox (badness 10000) has occurred while \output is active

 []


Overfull \hbox (35.5241pt too wide) has occurred while \output is active
[] $[]$       $[]$[][] 
 []

[29

] <images/dct.png, id=252, 716.6775pt x 691.58376pt>
File: images/dct.png Graphic file (type png)
 <use images/dct.png>
File: images/dfki.pdf Graphic file (type pdf)

<use images/dfki.pdf>
Underfull \hbox (badness 10000) has occurred while \output is active

 []

File: images/iuprlogo.pdf Graphic file (type pdf)
<use images/iuprlogo.pdf>
Underfull \hbox (badness 10000) has occurred while \output is active

 []


Overfull \hbox (35.5241pt too wide) has occurred while \output is active
[] $[]$       $[]$[][] 
 []

[30

 <./images/dct.png (PNG copy)>]
<images/Ex_BasisImages1.pdf, id=259, 578.16pt x 118.4425pt>
File: images/Ex_BasisImages1.pdf Graphic file (type pdf)

<use images/Ex_BasisImages1.pdf>
File: images/dfki.pdf Graphic file (type pdf)
 <use images/dfki.pdf>
Underfull \hbox (badness 10000) has occurred while \output is active

 []

File: images/iuprlogo.pdf Graphic file (type pdf)
<use images/iuprlogo.pdf>
Underfull \hbox (badness 10000) has occurred while \output is active

 []


Overfull \hbox (35.5241pt too wide) has occurred while \output is active
[] $[]$       $[]$[][] 
 []

[31

 <./images/Ex_BasisImages1.pdf>]
<images/Ex_BasisImages2.pdf, id=276, 578.16pt x 118.4425pt>
File: images/Ex_BasisImages2.pdf Graphic file (type pdf)

<use images/Ex_BasisImages2.pdf>
File: images/dfki.pdf Graphic file (type pdf)
 <use images/dfki.pdf>
Underfull \hbox (badness 10000) has occurred while \output is active

 []

File: images/iuprlogo.pdf Graphic file (type pdf)
<use images/iuprlogo.pdf>
Underfull \hbox (badness 10000) has occurred while \output is active

 []


Overfull \hbox (35.5241pt too wide) has occurred while \output is active
[] $[]$       $[]$[][] 
 []

[32

 <./images/Ex_BasisImages2.pdf>]
<images/Ex_BasisImages3.pdf, id=292, 543.02875pt x 117.43875pt>
File: images/Ex_BasisImages3.pdf Graphic file (type pdf)

<use images/Ex_BasisImages3.pdf>
File: images/dfki.pdf Graphic file (type pdf)
 <use images/dfki.pdf>
Underfull \hbox (badness 10000) has occurred while \output is active

 []

File: images/iuprlogo.pdf Graphic file (type pdf)
<use images/iuprlogo.pdf>
Underfull \hbox (badness 10000) has occurred while \output is active

 []


Overfull \hbox (35.5241pt too wide) has occurred while \output is active
[] $[]$       $[]$[][] 
 []

[33

 <./images/Ex_BasisImages3.pdf>]
<images/Ex_BasisImages4.pdf, id=307, 554.07pt x 117.43875pt>
File: images/Ex_BasisImages4.pdf Graphic file (type pdf)

<use images/Ex_BasisImages4.pdf>
File: images/dfki.pdf Graphic file (type pdf)
 <use images/dfki.pdf>
Underfull \hbox (badness 10000) has occurred while \output is active

 []

File: images/iuprlogo.pdf Graphic file (type pdf)
<use images/iuprlogo.pdf>
Underfull \hbox (badness 10000) has occurred while \output is active

 []


Overfull \hbox (35.5241pt too wide) has occurred while \output is active
[] $[]$       $[]$[][] 
 []

[34

 <./images/Ex_BasisImages4.pdf>]
<images/Ex_BasisImages5.pdf, id=323, 466.74374pt x 364.36125pt>
File: images/Ex_BasisImages5.pdf Graphic file (type pdf)

<use images/Ex_BasisImages5.pdf>
File: images/dfki.pdf Graphic file (type pdf)
 <use images/dfki.pdf>
Underfull \hbox (badness 10000) has occurred while \output is active

 []

File: images/iuprlogo.pdf Graphic file (type pdf)
<use images/iuprlogo.pdf>
Underfull \hbox (badness 10000) has occurred while \output is active

 []


Overfull \hbox (35.5241pt too wide) has occurred while \output is active
[] $[]$       $[]$[][] 
 []

[35

 <./images/Ex_BasisImages5.pdf>]
<images/Ex_BasisImages6.pdf, id=343, 466.74374pt x 364.36125pt>
File: images/Ex_BasisImages6.pdf Graphic file (type pdf)

<use images/Ex_BasisImages6.pdf>
File: images/dfki.pdf Graphic file (type pdf)
 <use images/dfki.pdf>
Underfull \hbox (badness 10000) has occurred while \output is active

 []

File: images/iuprlogo.pdf Graphic file (type pdf)
<use images/iuprlogo.pdf>
Underfull \hbox (badness 10000) has occurred while \output is active

 []


Overfull \hbox (35.5241pt too wide) has occurred while \output is active
[] $[]$       $[]$[][] 
 []

[36

 <./images/Ex_BasisImages6.pdf>]
File: images/dfki.pdf Graphic file (type pdf)
 <use images/dfki.pdf>
Underfull \hbox (badness 10000) has occurred while \output is active

 []

File: images/iuprlogo.pdf Graphic file (type pdf)
<use images/iuprlogo.pdf>
Underfull \hbox (badness 10000) has occurred while \output is active

 []


Overfull \hbox (35.5241pt too wide) has occurred while \output is active
[] $[]$       $[]$[][] 
 []

[37

]
File: images/dfki.pdf Graphic file (type pdf)
 <use images/dfki.pdf>
Underfull \hbox (badness 10000) has occurred while \output is active

 []

File: images/iuprlogo.pdf Graphic file (type pdf)
<use images/iuprlogo.pdf>
Underfull \hbox (badness 10000) has occurred while \output is active

 []


Overfull \hbox (35.5241pt too wide) has occurred while \output is active
[] $[]$       $[]$[][] 
 []

[38

] (./slides02.toc)
File: images/dfki.pdf Graphic file (type pdf)
 <use images/dfki.pdf>
Underfull \hbox (badness 10000) has occurred while \output is active

 []

File: images/iuprlogo.pdf Graphic file (type pdf)
<use images/iuprlogo.pdf>
Underfull \hbox (badness 10000) has occurred while \output is active

 []


Overfull \hbox (35.5241pt too wide) has occurred while \output is active
[] $[]$       $[]$[][] 
 []

[39

]
File: images/dfki.pdf Graphic file (type pdf)
 <use images/dfki.pdf>
Underfull \hbox (badness 10000) has occurred while \output is active

 []

File: images/iuprlogo.pdf Graphic file (type pdf)
<use images/iuprlogo.pdf>
Underfull \hbox (badness 10000) has occurred while \output is active

 []


Overfull \hbox (35.5241pt too wide) has occurred while \output is active
[] $[]$       $[]$[][] 
 []

[40

] <images/lena.png, id=392, 513.92pt x 513.92pt>
File: images/lena.png Graphic file (type png)
 <use images/lena.png>
<images/lena-2.png, id=393, 513.92pt x 513.92pt>
File: images/lena-2.png Graphic file (type png)
 <use images/lena-2.png>
File: images/dfki.pdf Graphic file (type pdf)

<use images/dfki.pdf>
Underfull \hbox (badness 10000) has occurred while \output is active

 []

File: images/iuprlogo.pdf Graphic file (type pdf)
<use images/iuprlogo.pdf>
Underfull \hbox (badness 10000) has occurred while \output is active

 []


Overfull \hbox (35.5241pt too wide) has occurred while \output is active
[] $[]$       $[]$[][] 
 []

[41

 <./images/lena.png (PNG copy)> <./images/lena-2.png>]
File: images/lena.png Graphic file (type png)

<use images/lena.png> <images/lena-lowpass.png, id=401, 513.92pt x 513.92pt>
File: images/lena-lowpass.png Graphic file (type png)

<use images/lena-lowpass.png>
File: images/dfki.pdf Graphic file (type pdf)
 <use images/dfki.pdf>
Underfull \hbox (badness 10000) has occurred while \output is active

 []

File: images/iuprlogo.pdf Graphic file (type pdf)
<use images/iuprlogo.pdf>
Underfull \hbox (badness 10000) has occurred while \output is active

 []


Overfull \hbox (35.5241pt too wide) has occurred while \output is active
[] $[]$       $[]$[][] 
 []

[42

 <./images/lena-lowpass.png (PNG copy)>]
File: images/lena.png Graphic file (type png)
 <use images/lena.png>
<images/lena-420.png, id=408, 513.92pt x 513.92pt>
File: images/lena-420.png Graphic file (type png)
 <use images/lena-420.png>
File: images/dfki.pdf Graphic file (type pdf)

<use images/dfki.pdf>
Underfull \hbox (badness 10000) has occurred while \output is active

 []

File: images/iuprlogo.pdf Graphic file (type pdf)
<use images/iuprlogo.pdf>
Underfull \hbox (badness 10000) has occurred while \output is active

 []


Overfull \hbox (35.5241pt too wide) has occurred while \output is active
[] $[]$       $[]$[][] 
 []

[43

 <./images/lena-420.png (PNG copy)>]
File: images/lena.png Graphic file (type png)
 <use images/lena.png>
<images/lena-small.png, id=416, 256.96pt x 256.96pt>
File: images/lena-small.png Graphic file (type png)

<use images/lena-small.png>
File: images/dfki.pdf Graphic file (type pdf)
 <use images/dfki.pdf>
Underfull \hbox (badness 10000) has occurred while \output is active

 []

File: images/iuprlogo.pdf Graphic file (type pdf)
<use images/iuprlogo.pdf>
Underfull \hbox (badness 10000) has occurred while \output is active

 []


Overfull \hbox (35.5241pt too wide) has occurred while \output is active
[] $[]$       $[]$[][] 
 []

[44

 <./images/lena-small.png (PNG copy)>]
File: images/dfki.pdf Graphic file (type pdf)
 <use images/dfki.pdf>
Underfull \hbox (badness 10000) has occurred while \output is active

 []

File: images/iuprlogo.pdf Graphic file (type pdf)
<use images/iuprlogo.pdf>
Underfull \hbox (badness 10000) has occurred while \output is active

 []


Overfull \hbox (35.5241pt too wide) has occurred while \output is active
[] $[]$       $[]$[][] 
 []

[45

] <images/image-matrix.png, id=429, 333.245pt x 195.73125pt>
File: images/image-matrix.png Graphic file (type png)

<use images/image-matrix.png>
<images/subtracted-matrix.png, id=430, 428.60126pt x 195.73125pt>
File: images/subtracted-matrix.png Graphic file (type png)

<use images/subtracted-matrix.png>
<images/DCT-matrix.png, id=431, 418.56375pt x 195.73125pt>
File: images/DCT-matrix.png Graphic file (type png)

<use images/DCT-matrix.png>
File: images/dfki.pdf Graphic file (type pdf)
 <use images/dfki.pdf>
Underfull \hbox (badness 10000) has occurred while \output is active

 []

File: images/iuprlogo.pdf Graphic file (type pdf)
<use images/iuprlogo.pdf>
Underfull \hbox (badness 10000) has occurred while \output is active

 []


Overfull \hbox (35.5241pt too wide) has occurred while \output is active
[] $[]$       $[]$[][] 
 []

[46

 <./images/image-matrix.png (PNG copy)> <./images/subtracted-matrix.png (PNG co
py)> <./images/DCT-matrix.png (PNG copy)>]
<images/quantization-matrix.png, id=438, 958.58125pt x 416.55624pt>
File: images/quantization-matrix.png Graphic file (type png)

<use images/quantization-matrix.png>
File: images/DCT-matrix.png Graphic file (type png)
 <use images/DCT-matrix.png>
<images/quantized-matrix.png, id=439, 328.22626pt x 195.73125pt>
File: images/quantized-matrix.png Graphic file (type png)

<use images/quantized-matrix.png>
Overfull \vbox (0.11578pt too high) detected at line 797
 []

File: images/dfki.pdf Graphic file (type pdf)
<use images/dfki.pdf>
Underfull \hbox (badness 10000) has occurred while \output is active

 []

File: images/iuprlogo.pdf Graphic file (type pdf)
<use images/iuprlogo.pdf>
Underfull \hbox (badness 10000) has occurred while \output is active

 []


Overfull \hbox (35.5241pt too wide) has occurred while \output is active
[] $[]$       $[]$[][] 
 []

[47

 <./images/quantization-matrix.png (PNG copy)> <./images/quantized-matrix.png (
PNG copy)>]
File: images/quantized-matrix.png Graphic file (type png)
 <use images/quantized-matrix.png>
<images/zigzag.png, id=446, 162.6075pt x 156.585pt>
File: images/zigzag.png Graphic file (type png)
 <use images/zigzag.png>
File: images/dfki.pdf Graphic file (type pdf)

<use images/dfki.pdf>
Underfull \hbox (badness 10000) has occurred while \output is active

 []

File: images/iuprlogo.pdf Graphic file (type pdf)
<use images/iuprlogo.pdf>
Underfull \hbox (badness 10000) has occurred while \output is active

 []


Overfull \hbox (35.5241pt too wide) has occurred while \output is active
[] $[]$       $[]$[][] 
 []

[48

 <./images/zigzag.png (PNG copy)>]
Overfull \hbox (4.78516pt too wide) in paragraph at lines 846--846
[]$\OT1/cmss/m/n/10.95 (0\OML/cmm/m/it/10.95 ; \OMS/cmsy/m/n/10.95 ^^@\OT1/cmss
/m/n/10.95 3)\OML/cmm/m/it/10.95 ; \OT1/cmss/m/n/10.95 (1\OML/cmm/m/it/10.95 ; 
\OMS/cmsy/m/n/10.95 ^^@\OT1/cmss/m/n/10.95 3)\OML/cmm/m/it/10.95 ; \OT1/cmss/m/
n/10.95 (0\OML/cmm/m/it/10.95 ; \OMS/cmsy/m/n/10.95 ^^@\OT1/cmss/m/n/10.95 2)\O
ML/cmm/m/it/10.95 ; \OT1/cmss/m/n/10.95 (0\OML/cmm/m/it/10.95 ; \OMS/cmsy/m/n/1
0.95 ^^@\OT1/cmss/m/n/10.95 6)\OML/cmm/m/it/10.95 ; \OT1/cmss/m/n/10.95 (0\OML/
cmm/m/it/10.95 ; \OT1/cmss/m/n/10.95 2)\OML/cmm/m/it/10.95 ; \OT1/cmss/m/n/10.9
5 (0\OML/cmm/m/it/10.95 ; \OMS/cmsy/m/n/10.95 ^^@\OT1/cmss/m/n/10.95 4)\OML/cmm
/m/it/10.95 ; \OT1/cmss/m/n/10.95 (0\OML/cmm/m/it/10.95 ; \OT1/cmss/m/n/10.95 1
)\OML/cmm/m/it/10.95 ; \OT1/cmss/m/n/10.95 (0\OML/cmm/m/it/10.95 ; \OMS/cmsy/m/
n/10.95 ^^@\OT1/cmss/m/n/10.95 4)\OML/cmm/m/it/10.95 ; \OT1/cmss/m/n/10.95 (0\O
ML/cmm/m/it/10.95 ; \OT1/cmss/m/n/10.95 1)\OML/cmm/m/it/10.95 ;$  
 []

File: images/dfki.pdf Graphic file (type pdf)
<use images/dfki.pdf>
Underfull \hbox (badness 10000) has occurred while \output is active

 []

File: images/iuprlogo.pdf Graphic file (type pdf)
<use images/iuprlogo.pdf>
Underfull \hbox (badness 10000) has occurred while \output is active

 []


Overfull \hbox (35.5241pt too wide) has occurred while \output is active
[] $[]$       $[]$[][] 
 []

[49

] <images/codes.png, id=461, 563.10374pt x 365.365pt>
File: images/codes.png Graphic file (type png)

<use images/codes.png>
File: images/dfki.pdf Graphic file (type pdf)
 <use images/dfki.pdf>
Underfull \hbox (badness 10000) has occurred while \output is active

 []

File: images/iuprlogo.pdf Graphic file (type pdf)
<use images/iuprlogo.pdf>
Underfull \hbox (badness 10000) has occurred while \output is active

 []


Overfull \hbox (35.5241pt too wide) has occurred while \output is active
[] $[]$       $[]$[][] 
 []

[50

 <./images/codes.png (PNG copy)>]
File: images/dfki.pdf Graphic file (type pdf)
 <use images/dfki.pdf>
Underfull \hbox (badness 10000) has occurred while \output is active

 []

File: images/iuprlogo.pdf Graphic file (type pdf)
<use images/iuprlogo.pdf>
Underfull \hbox (badness 10000) has occurred while \output is active

 []


Overfull \hbox (35.5241pt too wide) has occurred while \output is active
[] $[]$       $[]$[][] 
 []

[51

] <images/lena-orig.jpg, id=474, 200.75pt x 200.75pt>
File: images/lena-orig.jpg Graphic file (type jpg)

<use images/lena-orig.jpg>
File: images/lena-orig.jpg Graphic file (type jpg)
 <use images/lena-orig.jpg>
<images/lena-1600.jpg, id=475, 200.75pt x 200.75pt>
File: images/lena-1600.jpg Graphic file (type jpg)
 <use images/lena-1600.jpg>
<images/lena-0267.jpg, id=476, 200.75pt x 200.75pt>
File: images/lena-0267.jpg Graphic file (type jpg)
 <use images/lena-0267.jpg>
<images/lena-0114.jpg, id=477, 200.75pt x 200.75pt>
File: images/lena-0114.jpg Graphic file (type jpg)
 <use images/lena-0114.jpg>
<images/lena-0080.jpg, id=478, 200.75pt x 200.75pt>
File: images/lena-0080.jpg Graphic file (type jpg)
 <use images/lena-0080.jpg>
Overfull \vbox (2.1183pt too high) detected at line 910
 []

File: images/dfki.pdf Graphic file (type pdf)
<use images/dfki.pdf>
Underfull \hbox (badness 10000) has occurred while \output is active

 []

File: images/iuprlogo.pdf Graphic file (type pdf)
<use images/iuprlogo.pdf>
Underfull \hbox (badness 10000) has occurred while \output is active

 []


Overfull \hbox (35.5241pt too wide) has occurred while \output is active
[] $[]$       $[]$[][] 
 []

[52

 <./images/lena-orig.jpg> <./images/lena-1600.jpg> <./images/lena-0267.jpg> <./
images/lena-0114.jpg> <./images/lena-0080.jpg>]
File: images/dfki.pdf Graphic file (type pdf)
 <use images/dfki.pdf>
Underfull \hbox (badness 10000) has occurred while \output is active

 []

File: images/iuprlogo.pdf Graphic file (type pdf)
<use images/iuprlogo.pdf>
Underfull \hbox (badness 10000) has occurred while \output is active

 []


Overfull \hbox (35.5241pt too wide) has occurred while \output is active
[] $[]$       $[]$[][] 
 []

[53

]
File: images/dfki.pdf Graphic file (type pdf)
 <use images/dfki.pdf>
Underfull \hbox (badness 10000) has occurred while \output is active

 []

File: images/iuprlogo.pdf Graphic file (type pdf)
<use images/iuprlogo.pdf>
Underfull \hbox (badness 10000) has occurred while \output is active

 []


Overfull \hbox (35.5241pt too wide) has occurred while \output is active
[] $[]$       $[]$[][] 
 []

[54

] (./slides02.toc)
File: images/dfki.pdf Graphic file (type pdf)
 <use images/dfki.pdf>
Underfull \hbox (badness 10000) has occurred while \output is active

 []

File: images/iuprlogo.pdf Graphic file (type pdf)
<use images/iuprlogo.pdf>
Underfull \hbox (badness 10000) has occurred while \output is active

 []


Overfull \hbox (35.5241pt too wide) has occurred while \output is active
[] $[]$       $[]$[][] 
 []

[55

]
File: images/dfki.pdf Graphic file (type pdf)
 <use images/dfki.pdf>
Underfull \hbox (badness 10000) has occurred while \output is active

 []

File: images/iuprlogo.pdf Graphic file (type pdf)
<use images/iuprlogo.pdf>
Underfull \hbox (badness 10000) has occurred while \output is active

 []


Overfull \hbox (35.5241pt too wide) has occurred while \output is active
[] $[]$       $[]$[][] 
 []

[56

] <images/nederl.pdf, id=513, 774.895pt x 489.83pt>
File: images/nederl.pdf Graphic file (type pdf)
 <use images/nederl.pdf>
File: images/dfki.pdf Graphic file (type pdf)

<use images/dfki.pdf>
Underfull \hbox (badness 10000) has occurred while \output is active

 []

File: images/iuprlogo.pdf Graphic file (type pdf)
<use images/iuprlogo.pdf>
Underfull \hbox (badness 10000) has occurred while \output is active

 []


Overfull \hbox (35.5241pt too wide) has occurred while \output is active
[] $[]$       $[]$[][] 
 []

[57

 <./images/nederl.pdf>]
File: images/dfki.pdf Graphic file (type pdf)
 <use images/dfki.pdf>
Underfull \hbox (badness 10000) has occurred while \output is active

 []

File: images/iuprlogo.pdf Graphic file (type pdf)
<use images/iuprlogo.pdf>
Underfull \hbox (badness 10000) has occurred while \output is active

 []


Overfull \hbox (35.5241pt too wide) has occurred while \output is active
[] $[]$       $[]$[][] 
 []

[58

] <images/ccitt1.png, id=532, 258.9675pt x 56.21pt>
File: images/ccitt1.png Graphic file (type png)
 <use images/ccitt1.png>
<images/ccitt3.png, id=533, 337.26pt x 159.59625pt>
File: images/ccitt3.png Graphic file (type png)
 <use images/ccitt3.png>
File: images/dfki.pdf Graphic file (type pdf)

<use images/dfki.pdf>
Underfull \hbox (badness 10000) has occurred while \output is active

 []

File: images/iuprlogo.pdf Graphic file (type pdf)
<use images/iuprlogo.pdf>
Underfull \hbox (badness 10000) has occurred while \output is active

 []


Overfull \hbox (35.5241pt too wide) has occurred while \output is active
[] $[]$       $[]$[][] 
 []

[59

 <./images/ccitt1.png> <./images/ccitt3.png>]
<images/rle.jpg, id=542, 765.86125pt x 132.495pt>
File: images/rle.jpg Graphic file (type jpg)
 <use images/rle.jpg>
<images/fig8-14.png, id=543, 665.48625pt x 409.53pt>
File: images/fig8-14.png Graphic file (type png)
 <use images/fig8-14.png>
File: images/dfki.pdf Graphic file (type pdf)

<use images/dfki.pdf>
Underfull \hbox (badness 10000) has occurred while \output is active

 []

File: images/iuprlogo.pdf Graphic file (type pdf)
<use images/iuprlogo.pdf>
Underfull \hbox (badness 10000) has occurred while \output is active

 []


Overfull \hbox (35.5241pt too wide) has occurred while \output is active
[] $[]$       $[]$[][] 
 []

[60

 <./images/rle.jpg> <./images/fig8-14.png (PNG copy)>]
<images/context1.jpg, id=550, 313.17pt x 197.73875pt>
File: images/context1.jpg Graphic file (type jpg)

<use images/context1.jpg>
<images/contexts.jpg, id=551, 724.7075pt x 170.6375pt>
File: images/contexts.jpg Graphic file (type jpg)

<use images/contexts.jpg>
File: images/dfki.pdf Graphic file (type pdf)
 <use images/dfki.pdf>
Underfull \hbox (badness 10000) has occurred while \output is active

 []

File: images/iuprlogo.pdf Graphic file (type pdf)
<use images/iuprlogo.pdf>
Underfull \hbox (badness 10000) has occurred while \output is active

 []


Overfull \hbox (35.5241pt too wide) has occurred while \output is active
[] $[]$       $[]$[][] 
 []

[61

 <./images/context1.jpg> <./images/contexts.jpg>]
File: images/dfki.pdf Graphic file (type pdf)
 <use images/dfki.pdf>
Underfull \hbox (badness 10000) has occurred while \output is active

 []

File: images/iuprlogo.pdf Graphic file (type pdf)
<use images/iuprlogo.pdf>
Underfull \hbox (badness 10000) has occurred while \output is active

 []


Overfull \hbox (35.5241pt too wide) has occurred while \output is active
[] $[]$       $[]$[][] 
 []

[62

]
File: images/dfki.pdf Graphic file (type pdf)
 <use images/dfki.pdf>
Underfull \hbox (badness 10000) has occurred while \output is active

 []

File: images/iuprlogo.pdf Graphic file (type pdf)
<use images/iuprlogo.pdf>
Underfull \hbox (badness 10000) has occurred while \output is active

 []


Overfull \hbox (35.5241pt too wide) has occurred while \output is active
[] $[]$       $[]$[][] 
 []

[63

] <images/templa.pdf, id=571, 574.145pt x 394.47375pt>
File: images/templa.pdf Graphic file (type pdf)

<use images/templa.pdf>
File: images/dfki.pdf Graphic file (type pdf)
 <use images/dfki.pdf>
Underfull \hbox (badness 10000) has occurred while \output is active

 []

File: images/iuprlogo.pdf Graphic file (type pdf)
<use images/iuprlogo.pdf>
Underfull \hbox (badness 10000) has occurred while \output is active

 []


Overfull \hbox (35.5241pt too wide) has occurred while \output is active
[] $[]$       $[]$[][] 
 []

[64

 <./images/templa.pdf>] <images/bib.pdf, id=584, 803.0pt x 71.26625pt>
File: images/bib.pdf Graphic file (type pdf)

<use images/bib.pdf> <images/bsp.jpg, id=585, 442.65375pt x 224.84pt>
File: images/bsp.jpg Graphic file (type jpg)

<use images/bsp.jpg>
Overfull \hbox (1.82185pt too wide) in paragraph at lines 1155--1155
[][]  
 []

File: images/dfki.pdf Graphic file (type pdf)
<use images/dfki.pdf>
Underfull \hbox (badness 10000) has occurred while \output is active

 []

File: images/iuprlogo.pdf Graphic file (type pdf)
<use images/iuprlogo.pdf>
Underfull \hbox (badness 10000) has occurred while \output is active

 []


Overfull \hbox (35.5241pt too wide) has occurred while \output is active
[] $[]$       $[]$[][] 
 []

[65

 <./images/bib.pdf> <./images/bsp.jpg>]
File: images/dfki.pdf Graphic file (type pdf)
 <use images/dfki.pdf>
Underfull \hbox (badness 10000) has occurred while \output is active

 []

File: images/iuprlogo.pdf Graphic file (type pdf)
<use images/iuprlogo.pdf>
Underfull \hbox (badness 10000) has occurred while \output is active

 []


Overfull \hbox (35.5241pt too wide) has occurred while \output is active
[] $[]$       $[]$[][] 
 []

[66

] <images/djv1.jpg, id=606, 415.5525pt x 540.0175pt>
File: images/djv1.jpg Graphic file (type jpg)
 <use images/djv1.jpg>
<images/djv2.jpg, id=607, 301.125pt x 381.425pt>
File: images/djv2.jpg Graphic file (type jpg)
 <use images/djv2.jpg>
<images/djv4.jpg, id=608, 301.125pt x 381.425pt>
File: images/djv4.jpg Graphic file (type jpg)
 <use images/djv4.jpg>
<images/djv3.jpg, id=609, 301.125pt x 381.425pt>
File: images/djv3.jpg Graphic file (type jpg)
 <use images/djv3.jpg>
Overfull \hbox (28.41539pt too wide) in paragraph at lines 1187--1187
[][][]  
 []

File: images/dfki.pdf Graphic file (type pdf)
<use images/dfki.pdf>
Underfull \hbox (badness 10000) has occurred while \output is active

 []

File: images/iuprlogo.pdf Graphic file (type pdf)
<use images/iuprlogo.pdf>
Underfull \hbox (badness 10000) has occurred while \output is active

 []


Overfull \hbox (35.5241pt too wide) has occurred while \output is active
[] $[]$       $[]$[][] 
 []

[67

 <./images/djv1.jpg> <./images/djv2.jpg> <./images/djv4.jpg> <./images/djv3.jpg
>]
File: images/dfki.pdf Graphic file (type pdf)
 <use images/dfki.pdf>
Underfull \hbox (badness 10000) has occurred while \output is active

 []

File: images/iuprlogo.pdf Graphic file (type pdf)
<use images/iuprlogo.pdf>
Underfull \hbox (badness 10000) has occurred while \output is active

 []


Overfull \hbox (35.5241pt too wide) has occurred while \output is active
[] $[]$       $[]$[][] 
 []

[68

]
File: images/dfki.pdf Graphic file (type pdf)
 <use images/dfki.pdf>
Underfull \hbox (badness 10000) has occurred while \output is active

 []

File: images/iuprlogo.pdf Graphic file (type pdf)
<use images/iuprlogo.pdf>
Underfull \hbox (badness 10000) has occurred while \output is active

 []


Overfull \hbox (35.5241pt too wide) has occurred while \output is active
[] $[]$       $[]$[][] 
 []

[69

]
\tf@nav=\write5
\openout5 = `slides02.nav'.

\tf@toc=\write6
\openout6 = `slides02.toc'.

\tf@snm=\write7
\openout7 = `slides02.snm'.

 (./slides02.aux)

LaTeX Font Warning: Size substitutions with differences
(Font)              up to 1.0pt have occurred.

 ) 
Here is how much of TeX's memory you used:
 12032 strings out of 94101
 210320 string characters out of 1165809
 279856 words of memory out of 1500000
 14808 multiletter control sequences out of 10000+50000
 19505 words of font info for 72 fonts, out of 1200000 for 2000
 637 hyphenation exceptions out of 8191
 41i,16n,51p,352b,453s stack positions out of 5000i,500n,6000p,200000b,5000s
</usr/share/texmf-texlive/fonts/type1/bluesky/cm/cmex10.pfb></usr/share/texmf
-texlive/fonts/type1/bluesky/cm/cmmi10.pfb></usr/share/texmf-texlive/fonts/type
1/bluesky/cm/cmmi7.pfb></usr/share/texmf-texlive/fonts/type1/bluesky/cm/cmmi8.p
fb></usr/share/texmf-texlive/fonts/type1/bluesky/cm/cmss10.pfb></usr/share/texm
f-texlive/fonts/type1/bluesky/cm/cmss12.pfb></usr/share/texmf-texlive/fonts/typ
e1/bluesky/cm/cmss8.pfb></usr/share/texmf-texlive/fonts/type1/bluesky/cm/cmss9.
pfb></usr/share/texmf-texlive/fonts/type1/bluesky/cm/cmssbx10.pfb></usr/share/t
exmf-texlive/fonts/type1/bluesky/cm/cmssi10.pfb></usr/share/texmf-texlive/fonts
/type1/bluesky/cm/cmssi8.pfb></usr/share/texmf-texlive/fonts/type1/bluesky/cm/c
mssi9.pfb></usr/share/texmf-texlive/fonts/type1/bluesky/cm/cmsy10.pfb></usr/sha
re/texmf-texlive/fonts/type1/bluesky/cm/cmsy6.pfb></usr/share/texmf-texlive/fon
ts/type1/bluesky/cm/cmsy7.pfb></usr/share/texmf-texlive/fonts/type1/bluesky/cm/
cmsy8.pfb></usr/share/texmf-texlive/fonts/type1/public/cmex/fmex8.pfb></usr/sha
re/texmf-texlive/fonts/type1/bluesky/ams/msam7.pfb>
Output written on slides02.pdf (69 pages, 2949577 bytes).
PDF statistics:
 718 PDF objects out of 1000 (max. 8388607)
 143 named destinations out of 1000 (max. 131072)
 286 words of extra memory for PDF output out of 10000 (max. 10000000)

